<?xml version="1.0" encoding="UTF-8"?>
<testng-results skipped="0" failed="0" ignored="0" total="1" passed="1">
  <reporter-output>
  </reporter-output>
  <suite name="Default suite" duration-ms="17333" started-at="2019-02-28T10:14:33Z" finished-at="2019-02-28T10:14:51Z">
    <groups>
    </groups>
    <test name="Default test" duration-ms="17333" started-at="2019-02-28T10:14:33Z" finished-at="2019-02-28T10:14:51Z">
      <class name="com.automation.practice.testcases.LaunchBrowser">
        <test-method status="PASS" signature="LaunchChromeClearHistory()[pri:0, instance:com.automation.practice.testcases.LaunchBrowser@c038203]" name="LaunchChromeClearHistory" duration-ms="17287" started-at="2019-02-28T10:14:33Z" finished-at="2019-02-28T10:14:51Z">
          <reporter-output>
          </reporter-output>
        </test-method> <!-- LaunchChromeClearHistory -->
      </class> <!-- com.automation.practice.testcases.LaunchBrowser -->
    </test> <!-- Default test -->
  </suite> <!-- Default suite -->
</testng-results>
