<?xml version="1.0" encoding="UTF-8"?>
<testng-results skipped="0" failed="0" ignored="0" total="1" passed="1">
  <reporter-output>
  </reporter-output>
  <suite name="Suite" duration-ms="24229" started-at="2019-02-28T10:25:07Z" finished-at="2019-02-28T10:25:31Z">
    <groups>
    </groups>
    <test name="Test" duration-ms="24229" started-at="2019-02-28T10:25:07Z" finished-at="2019-02-28T10:25:31Z">
      <class name="com.automation.practice.testcases.LaunchBrowser">
        <test-method status="PASS" signature="LaunchChromeClearHistory()[pri:0, instance:com.automation.practice.testcases.LaunchBrowser@35fb3008]" name="LaunchChromeClearHistory" duration-ms="24202" started-at="2019-02-28T10:25:07Z" finished-at="2019-02-28T10:25:31Z">
          <reporter-output>
          </reporter-output>
        </test-method> <!-- LaunchChromeClearHistory -->
      </class> <!-- com.automation.practice.testcases.LaunchBrowser -->
    </test> <!-- Test -->
  </suite> <!-- Suite -->
</testng-results>
